*** EVALUATION ***
ANSI-C/cC++ Compiler for HC12 V-5.0.41 Build 10203, Jul 23 2010

    1:  /* Based on CPU DB MC9S12A256_112, version 2.87.338 (RegistersPrg V2.28) */
    2:  /* DataSheet : 9S12DP256BDGV2/D V02.14 */
    3:  
    4:  #include <mc9s12a256.h>
    5:  
    6:  /*lint -save -esym(765, *) */
    7:  
    8:  
    9:  /* * * * *  8-BIT REGISTERS  * * * * * * * * * * * * * * * */
   10:  volatile PORTESTR _PORTE;                                  /* Port E Register; 0x00000008 */
   11:  volatile DDRESTR _DDRE;                                    /* Port E Data Direction Register; 0x00000009 */
   12:  volatile PEARSTR _PEAR;                                    /* Port E Assignment Register; 0x0000000A */
   13:  volatile MODESTR _MODE;                                    /* Mode Register; 0x0000000B */
   14:  volatile PUCRSTR _PUCR;                                    /* Pull-Up Control Register; 0x0000000C */
   15:  volatile RDRIVSTR _RDRIV;                                  /* Reduced Drive of I/O Lines; 0x0000000D */
   16:  volatile EBICTLSTR _EBICTL;                                /* External Bus Interface Control; 0x0000000E */
   17:  volatile INITRMSTR _INITRM;                                /* Initialization of Internal RAM Position Register; 0x00000010 */
   18:  volatile INITRGSTR _INITRG;                                /* Initialization of Internal Registers Position Register; 0x00000011 */
   19:  volatile INITEESTR _INITEE;                                /* Initialization of Internal EEPROM Position Register; 0x00000012 */
   20:  volatile MISCSTR _MISC;                                    /* Miscellaneous System Control Register; 0x00000013 */
   21:  volatile ITCRSTR _ITCR;                                    /* Interrupt Test Control Register; 0x00000015 */
   22:  volatile ITESTSTR _ITEST;                                  /* Interrupt Test Register; 0x00000016 */
   23:  volatile MEMSIZ0STR _MEMSIZ0;                              /* Memory Size Register Zero; 0x0000001C */
   24:  volatile MEMSIZ1STR _MEMSIZ1;                              /* Memory Size Register One; 0x0000001D */
   25:  volatile INTCRSTR _INTCR;                                  /* Interrupt Control Register; 0x0000001E */
   26:  volatile HPRIOSTR _HPRIO;                                  /* Highest Priority I Interrupt; 0x0000001F */
   27:  volatile BKPCT0STR _BKPCT0;                                /* Breakpoint Control Register 0; 0x00000028 */
   28:  volatile BKPCT1STR _BKPCT1;                                /* Breakpoint Control Register 1; 0x00000029 */
   29:  volatile BKP0XSTR _BKP0X;                                  /* First Address Memory Expansion Breakpoint Register; 0x0000002A */
   30:  volatile BKP0HSTR _BKP0H;                                  /* First Address High Byte Breakpoint Register; 0x0000002B */
   31:  volatile BKP0LSTR _BKP0L;                                  /* First Address Low Byte Breakpoint Register; 0x0000002C */
   32:  volatile BKP1XSTR _BKP1X;                                  /* Second Address Memory Expansion Breakpoint Register; 0x0000002D */
   33:  volatile BKP1HSTR _BKP1H;                                  /* Data (Second Address) High Byte Breakpoint Register; 0x0000002E */
   34:  volatile BKP1LSTR _BKP1L;                                  /* Data (Second Address) Low Byte Breakpoint Register; 0x0000002F */
   35:  volatile PPAGESTR _PPAGE;                                  /* Page Index Register; 0x00000030 */
   36:  volatile PORTKSTR _PORTK;                                  /* Port K Data Register; 0x00000032 */
   37:  volatile DDRKSTR _DDRK;                                    /* Port K Data Direction Register; 0x00000033 */
   38:  volatile SYNRSTR _SYNR;                                    /* CRG Synthesizer Register; 0x00000034 */
   39:  volatile REFDVSTR _REFDV;                                  /* CRG Reference Divider Register; 0x00000035 */
   40:  volatile CRGFLGSTR _CRGFLG;                                /* CRG Flags Register; 0x00000037 */
   41:  volatile CRGINTSTR _CRGINT;                                /* CRG Interrupt Enable Register; 0x00000038 */
   42:  volatile CLKSELSTR _CLKSEL;                                /* CRG Clock Select Register; 0x00000039 */
   43:  volatile PLLCTLSTR _PLLCTL;                                /* CRG PLL Control Register; 0x0000003A */
   44:  volatile RTICTLSTR _RTICTL;                                /* CRG RTI Control Register; 0x0000003B */
   45:  volatile COPCTLSTR _COPCTL;                                /* CRG COP Control Register; 0x0000003C */
   46:  volatile ARMCOPSTR _ARMCOP;                                /* CRG COP Timer Arm/Reset Register; 0x0000003F */
   47:  volatile TIOSSTR _TIOS;                                    /* Timer Input Capture/Output Compare Select; 0x00000040 */
   48:  volatile CFORCSTR _CFORC;                                  /* Timer Compare Force Register; 0x00000041 */
   49:  volatile OC7MSTR _OC7M;                                    /* Output Compare 7 Mask Register; 0x00000042 */
   50:  volatile OC7DSTR _OC7D;                                    /* Output Compare 7 Data Register; 0x00000043 */
   51:  volatile TSCR1STR _TSCR1;                                  /* Timer System Control Register1; 0x00000046 */
   52:  volatile TTOVSTR _TTOV;                                    /* Timer Toggle On Overflow Register; 0x00000047 */
   53:  volatile TCTL1STR _TCTL1;                                  /* Timer Control Register 1; 0x00000048 */
   54:  volatile TCTL2STR _TCTL2;                                  /* Timer Control Register 2; 0x00000049 */
   55:  volatile TCTL3STR _TCTL3;                                  /* Timer Control Register 3; 0x0000004A */
   56:  volatile TCTL4STR _TCTL4;                                  /* Timer Control Register 4; 0x0000004B */
   57:  volatile TIESTR _TIE;                                      /* Timer Interrupt Enable Register; 0x0000004C */
   58:  volatile TSCR2STR _TSCR2;                                  /* Timer System Control Register 2; 0x0000004D */
   59:  volatile TFLG1STR _TFLG1;                                  /* Main Timer Interrupt Flag 1; 0x0000004E */
   60:  volatile TFLG2STR _TFLG2;                                  /* Main Timer Interrupt Flag 2; 0x0000004F */
   61:  volatile PACTLSTR _PACTL;                                  /* 16-Bit Pulse Accumulator A Control Register; 0x00000060 */
   62:  volatile PAFLGSTR _PAFLG;                                  /* Pulse Accumulator A Flag Register; 0x00000061 */
   63:  volatile MCCTLSTR _MCCTL;                                  /* Modulus Down Counter underflow; 0x00000066 */
   64:  volatile MCFLGSTR _MCFLG;                                  /* 16-Bit Modulus Down Counter Flag Register; 0x00000067 */
   65:  volatile ICPARSTR _ICPAR;                                  /* Input Control Pulse Accumulator Register; 0x00000068 */
   66:  volatile DLYCTSTR _DLYCT;                                  /* Delay Counter Control Register; 0x00000069 */
   67:  volatile ICOVWSTR _ICOVW;                                  /* Input Control Overwrite Register; 0x0000006A */
   68:  volatile ICSYSSTR _ICSYS;                                  /* Input Control System Control Register; 0x0000006B */
   69:  volatile PBCTLSTR _PBCTL;                                  /* 16-Bit Pulse Accumulator B Control Register; 0x00000070 */
   70:  volatile PBFLGSTR _PBFLG;                                  /* Pulse Accumulator B Flag Register; 0x00000071 */
   71:  volatile ATD0STAT0STR _ATD0STAT0;                          /* ATD 0 Status Register 0; 0x00000086 */
   72:  volatile ATD0TEST1STR _ATD0TEST1;                          /* ATD0 Test Register; 0x00000089 */
   73:  volatile ATD0STAT1STR _ATD0STAT1;                          /* ATD 0 Status Register 1; 0x0000008B */
   74:  volatile ATD0DIENSTR _ATD0DIEN;                            /* ATD 0 Input Enable Register; 0x0000008D */
   75:  volatile PORTAD0STR _PORTAD0;                              /* Port AD0 Register; 0x0000008F */
   76:  volatile PWMESTR _PWME;                                    /* PWM Enable Register; 0x000000A0 */
   77:  volatile PWMPOLSTR _PWMPOL;                                /* PWM Polarity Register; 0x000000A1 */
   78:  volatile PWMCLKSTR _PWMCLK;                                /* PWM Clock Select Register; 0x000000A2 */
   79:  volatile PWMPRCLKSTR _PWMPRCLK;                            /* PWM Prescale Clock Select Register; 0x000000A3 */
   80:  volatile PWMCAESTR _PWMCAE;                                /* PWM Center Align Enable Register; 0x000000A4 */
   81:  volatile PWMCTLSTR _PWMCTL;                                /* PWM Control Register; 0x000000A5 */
   82:  volatile PWMSCLASTR _PWMSCLA;                              /* PWM Scale A Register; 0x000000A8 */
   83:  volatile PWMSCLBSTR _PWMSCLB;                              /* PWM Scale B Register; 0x000000A9 */
   84:  volatile PWMSDNSTR _PWMSDN;                                /* PWM Shutdown Register; 0x000000C4 */
   85:  volatile SCI0CR1STR _SCI0CR1;                              /* SCI 0 Control Register 1; 0x000000CA */
   86:  volatile SCI0CR2STR _SCI0CR2;                              /* SCI 0 Control Register 2; 0x000000CB */
   87:  volatile SCI0SR1STR _SCI0SR1;                              /* SCI 0 Status Register 1; 0x000000CC */
   88:  volatile SCI0SR2STR _SCI0SR2;                              /* SCI 0 Status Register 2; 0x000000CD */
   89:  volatile SCI0DRHSTR _SCI0DRH;                              /* SCI 0 Data Register High; 0x000000CE */
   90:  volatile SCI0DRLSTR _SCI0DRL;                              /* SCI 0 Data Register Low; 0x000000CF */
   91:  volatile SCI1CR1STR _SCI1CR1;                              /* SCI 1 Control Register 1; 0x000000D2 */
   92:  volatile SCI1CR2STR _SCI1CR2;                              /* SCI 1 Control Register 2; 0x000000D3 */
   93:  volatile SCI1SR1STR _SCI1SR1;                              /* SCI 1 Status Register 1; 0x000000D4 */
   94:  volatile SCI1SR2STR _SCI1SR2;                              /* SCI 1 Status Register 2; 0x000000D5 */
   95:  volatile SCI1DRHSTR _SCI1DRH;                              /* SCI 1 Data Register High; 0x000000D6 */
   96:  volatile SCI1DRLSTR _SCI1DRL;                              /* SCI 1 Data Register Low; 0x000000D7 */
   97:  volatile SPI0CR1STR _SPI0CR1;                              /* SPI 0 Control Register; 0x000000D8 */
   98:  volatile SPI0CR2STR _SPI0CR2;                              /* SPI 0 Control Register 2; 0x000000D9 */
   99:  volatile SPI0BRSTR _SPI0BR;                                /* SPI 0 Baud Rate Register; 0x000000DA */
  100:  volatile SPI0SRSTR _SPI0SR;                                /* SPI 0 Status Register; 0x000000DB */
  101:  volatile SPI0DRSTR _SPI0DR;                                /* SPI 0 Data Register; 0x000000DD */
  102:  volatile IBADSTR _IBAD;                                    /* IIC Address Register; 0x000000E0 */
  103:  volatile IBFDSTR _IBFD;                                    /* IIC Frequency Divider Register; 0x000000E1 */
  104:  volatile IBCRSTR _IBCR;                                    /* IIC Control Register; 0x000000E2 */
  105:  volatile IBSRSTR _IBSR;                                    /* IIC Status Register; 0x000000E3 */
  106:  volatile IBDRSTR _IBDR;                                    /* IIC Data I/O Register; 0x000000E4 */
  107:  volatile SPI1CR1STR _SPI1CR1;                              /* SPI 1 Control Register; 0x000000F0 */
  108:  volatile SPI1CR2STR _SPI1CR2;                              /* SPI 1 Control Register 2; 0x000000F1 */
  109:  volatile SPI1BRSTR _SPI1BR;                                /* SPI 1 Baud Rate Register; 0x000000F2 */
  110:  volatile SPI1SRSTR _SPI1SR;                                /* SPI 1 Status Register; 0x000000F3 */
  111:  volatile SPI1DRSTR _SPI1DR;                                /* SPI 1 Data Register; 0x000000F5 */
  112:  volatile SPI2CR1STR _SPI2CR1;                              /* SPI 2 Control Register; 0x000000F8 */
  113:  volatile SPI2CR2STR _SPI2CR2;                              /* SPI 2 Control Register 2; 0x000000F9 */
  114:  volatile SPI2BRSTR _SPI2BR;                                /* SPI 2 Baud Rate Register; 0x000000FA */
  115:  volatile SPI2SRSTR _SPI2SR;                                /* SPI 2 Status Register; 0x000000FB */
  116:  volatile SPI2DRSTR _SPI2DR;                                /* SPI 2 Data Register; 0x000000FD */
  117:  volatile FCLKDIVSTR _FCLKDIV;                              /* Flash Clock Divider Register; 0x00000100 */
  118:  volatile FSECSTR _FSEC;                                    /* Flash Security Register; 0x00000101 */
  119:  volatile FCNFGSTR _FCNFG;                                  /* Flash Configuration Register; 0x00000103 */
  120:  volatile FPROTSTR _FPROT;                                  /* Flash Protection Register; 0x00000104 */
  121:  volatile FSTATSTR _FSTAT;                                  /* Flash Status Register; 0x00000105 */
  122:  volatile FCMDSTR _FCMD;                                    /* Flash Command Buffer and Register; 0x00000106 */
  123:  volatile ECLKDIVSTR _ECLKDIV;                              /* EEPROM Clock Divider Register; 0x00000110 */
  124:  volatile ECNFGSTR _ECNFG;                                  /* EEPROM Configuration Register; 0x00000113 */
  125:  volatile EPROTSTR _EPROT;                                  /* EEPROM Protection Register; 0x00000114 */
  126:  volatile ESTATSTR _ESTAT;                                  /* EEPROM Status Register; 0x00000115 */
  127:  volatile ECMDSTR _ECMD;                                    /* EEPROM Command Buffer and Register; 0x00000116 */
  128:  volatile ATD1STAT0STR _ATD1STAT0;                          /* ATD 1 Status Register 0; 0x00000126 */
  129:  volatile ATD1TEST1STR _ATD1TEST1;                          /* ATD1 Test Register; 0x00000129 */
  130:  volatile ATD1STAT1STR _ATD1STAT1;                          /* ATD 1 Status Register 1; 0x0000012B */
  131:  volatile ATD1DIENSTR _ATD1DIEN;                            /* ATD 1 Input Enable Register; 0x0000012D */
  132:  volatile PORTAD1STR _PORTAD1;                              /* Port AD1 Register; 0x0000012F */
  133:  volatile PTTSTR _PTT;                                      /* Port T I/O Register; 0x00000240 */
  134:  volatile PTITSTR _PTIT;                                    /* Port T Input Register; 0x00000241 */
  135:  volatile DDRTSTR _DDRT;                                    /* Port T Data Direction Register; 0x00000242 */
  136:  volatile RDRTSTR _RDRT;                                    /* Port T Reduced Drive Register; 0x00000243 */
  137:  volatile PERTSTR _PERT;                                    /* Port T Pull Device Enable Register; 0x00000244 */
  138:  volatile PPSTSTR _PPST;                                    /* Port T Polarity Select Register; 0x00000245 */
  139:  volatile PTSSTR _PTS;                                      /* Port S I/O Register; 0x00000248 */
  140:  volatile PTISSTR _PTIS;                                    /* Port S Input Register; 0x00000249 */
  141:  volatile DDRSSTR _DDRS;                                    /* Port S Data Direction Register; 0x0000024A */
  142:  volatile RDRSSTR _RDRS;                                    /* Port S Reduced Drive Register; 0x0000024B */
  143:  volatile PERSSTR _PERS;                                    /* Port S Pull Device Enable Register; 0x0000024C */
  144:  volatile PPSSSTR _PPSS;                                    /* Port S Polarity Select Register; 0x0000024D */
  145:  volatile WOMSSTR _WOMS;                                    /* Port S Wired-Or Mode Register; 0x0000024E */
  146:  volatile PTMSTR _PTM;                                      /* Port M I/O Register; 0x00000250 */
  147:  volatile PTIMSTR _PTIM;                                    /* Port M Input Register; 0x00000251 */
  148:  volatile DDRMSTR _DDRM;                                    /* Port M Data Direction Register; 0x00000252 */
  149:  volatile RDRMSTR _RDRM;                                    /* Port M Reduced Drive Register; 0x00000253 */
  150:  volatile PERMSTR _PERM;                                    /* Port M Pull Device Enable Register; 0x00000254 */
  151:  volatile PPSMSTR _PPSM;                                    /* Port M Polarity Select Register; 0x00000255 */
  152:  volatile WOMMSTR _WOMM;                                    /* Port M Wired-Or Mode Register; 0x00000256 */
  153:  volatile MODRRSTR _MODRR;                                  /* Module Routing Register; 0x00000257 */
  154:  volatile PTPSTR _PTP;                                      /* Port P I/O Register; 0x00000258 */
  155:  volatile PTIPSTR _PTIP;                                    /* Port P Input Register; 0x00000259 */
  156:  volatile DDRPSTR _DDRP;                                    /* Port P Data Direction Register; 0x0000025A */
  157:  volatile RDRPSTR _RDRP;                                    /* Port P Reduced Drive Register; 0x0000025B */
  158:  volatile PERPSTR _PERP;                                    /* Port P Pull Device Enable Register; 0x0000025C */
  159:  volatile PPSPSTR _PPSP;                                    /* Port P Polarity Select Register; 0x0000025D */
  160:  volatile PIEPSTR _PIEP;                                    /* Port P Interrupt Enable Register; 0x0000025E */
  161:  volatile PIFPSTR _PIFP;                                    /* Port P Interrupt Flag Register; 0x0000025F */
  162:  volatile PTHSTR _PTH;                                      /* Port H I/O Register; 0x00000260 */
  163:  volatile PTIHSTR _PTIH;                                    /* Port H Input Register; 0x00000261 */
  164:  volatile DDRHSTR _DDRH;                                    /* Port H Data Direction Register; 0x00000262 */
  165:  volatile RDRHSTR _RDRH;                                    /* Port H Reduced Drive Register; 0x00000263 */
  166:  volatile PERHSTR _PERH;                                    /* Port H Pull Device Enable Register; 0x00000264 */
  167:  volatile PPSHSTR _PPSH;                                    /* Port H Polarity Select Register; 0x00000265 */
  168:  volatile PIEHSTR _PIEH;                                    /* Port H Interrupt Enable Register; 0x00000266 */
  169:  volatile PIFHSTR _PIFH;                                    /* Port H Interrupt Flag Register; 0x00000267 */
  170:  volatile PTJSTR _PTJ;                                      /* Port J I/O Register; 0x00000268 */
  171:  volatile PTIJSTR _PTIJ;                                    /* Port J Input Register; 0x00000269 */
  172:  volatile DDRJSTR _DDRJ;                                    /* Port J Data Direction Register; 0x0000026A */
  173:  volatile RDRJSTR _RDRJ;                                    /* Port J Reduced Drive Register; 0x0000026B */
  174:  volatile PERJSTR _PERJ;                                    /* Port J Pull Device Enable Register; 0x0000026C */
  175:  volatile PPSJSTR _PPSJ;                                    /* Port J Polarity Select Register; 0x0000026D */
  176:  volatile PIEJSTR _PIEJ;                                    /* Port J Interrupt Enable Register; 0x0000026E */
  177:  volatile PIFJSTR _PIFJ;                                    /* Port J Interrupt Flag Register; 0x0000026F */
  178:  /* NVFPROT3 - macro for reading non volatile register      Non volatile Block 3 Flash Protection Register; 0x0000FF0A */
  179:  /* NVFPROT2 - macro for reading non volatile register      Non volatile Block 2 Flash Protection Register; 0x0000FF0B */
  180:  /* NVFPROT1 - macro for reading non volatile register      Non volatile Block 1 Flash Protection Register; 0x0000FF0C */
  181:  /* NVFPROT0 - macro for reading non volatile register      Non volatile Block 0 Flash Protection Register; 0x0000FF0D */
  182:  /* NVFSEC - macro for reading non volatile register        Non volatile Flash Security Register; 0x0000FF0F */
  183:  
  184:  
  185:  /* * * * *  16-BIT REGISTERS  * * * * * * * * * * * * * * * */
  186:  volatile PORTABSTR _PORTAB;                                /* Port AB Register; 0x00000000 */
  187:  volatile DDRABSTR _DDRAB;                                  /* Port AB Data Direction Register; 0x00000002 */
  188:  volatile PARTIDSTR _PARTID;                                /* Part ID Register; 0x0000001A */
  189:  volatile TCNTSTR _TCNT;                                    /* Timer Count Register; 0x00000044 */
  190:  volatile TC0STR _TC0;                                      /* Timer Input Capture/Output Compare Register 0; 0x00000050 */
  191:  volatile TC1STR _TC1;                                      /* Timer Input Capture/Output Compare Register 1; 0x00000052 */
  192:  volatile TC2STR _TC2;                                      /* Timer Input Capture/Output Compare Register 2; 0x00000054 */
  193:  volatile TC3STR _TC3;                                      /* Timer Input Capture/Output Compare Register 3; 0x00000056 */
  194:  volatile TC4STR _TC4;                                      /* Timer Input Capture/Output Compare Register 4; 0x00000058 */
  195:  volatile TC5STR _TC5;                                      /* Timer Input Capture/Output Compare Register 5; 0x0000005A */
  196:  volatile TC6STR _TC6;                                      /* Timer Input Capture/Output Compare Register 6; 0x0000005C */
  197:  volatile TC7STR _TC7;                                      /* Timer Input Capture/Output Compare Register 7; 0x0000005E */
  198:  volatile PACN32STR _PACN32;                                /* Pulse Accumulators Count 32 Register; 0x00000062 */
  199:  volatile PACN10STR _PACN10;                                /* Pulse Accumulators Count 10 Register; 0x00000064 */
  200:  volatile PA32HSTR _PA32H;                                  /* 8-Bit Pulse Accumulators Holding 32 Register; 0x00000072 */
  201:  volatile PA10HSTR _PA10H;                                  /* 8-Bit Pulse Accumulators Holding 10 Register; 0x00000074 */
  202:  volatile MCCNTSTR _MCCNT;                                  /* Modulus Down-Counter Count Register; 0x00000076 */
  203:  volatile TC0HSTR _TC0H;                                    /* Timer Input Capture Holding Registers 0; 0x00000078 */
  204:  volatile TC1HSTR _TC1H;                                    /* Timer Input Capture Holding Registers 1; 0x0000007A */
  205:  volatile TC2HSTR _TC2H;                                    /* Timer Input Capture Holding Registers 2; 0x0000007C */
  206:  volatile TC3HSTR _TC3H;                                    /* Timer Input Capture Holding Registers 3; 0x0000007E */
  207:  volatile ATD0CTL23STR _ATD0CTL23;                          /* ATD 0 Control Register 23; 0x00000082 */
  208:  volatile ATD0CTL45STR _ATD0CTL45;                          /* ATD 0 Control Register 45; 0x00000084 */
  209:  volatile ATD0DR0STR _ATD0DR0;                              /* ATD 0 Conversion Result Register 0; 0x00000090 */
  210:  volatile ATD0DR1STR _ATD0DR1;                              /* ATD 0 Conversion Result Register 1; 0x00000092 */
  211:  volatile ATD0DR2STR _ATD0DR2;                              /* ATD 0 Conversion Result Register 2; 0x00000094 */
  212:  volatile ATD0DR3STR _ATD0DR3;                              /* ATD 0 Conversion Result Register 3; 0x00000096 */
  213:  volatile ATD0DR4STR _ATD0DR4;                              /* ATD 0 Conversion Result Register 4; 0x00000098 */
  214:  volatile ATD0DR5STR _ATD0DR5;                              /* ATD 0 Conversion Result Register 5; 0x0000009A */
  215:  volatile ATD0DR6STR _ATD0DR6;                              /* ATD 0 Conversion Result Register 6; 0x0000009C */
  216:  volatile ATD0DR7STR _ATD0DR7;                              /* ATD 0 Conversion Result Register 7; 0x0000009E */
  217:  volatile PWMCNT01STR _PWMCNT01;                            /* PWM Channel Counter 01 Register; 0x000000AC */
  218:  volatile PWMCNT23STR _PWMCNT23;                            /* PWM Channel Counter 23 Register; 0x000000AE */
  219:  volatile PWMCNT45STR _PWMCNT45;                            /* PWM Channel Counter 45 Register; 0x000000B0 */
  220:  volatile PWMCNT67STR _PWMCNT67;                            /* PWM Channel Counter 67 Register; 0x000000B2 */
  221:  volatile PWMPER01STR _PWMPER01;                            /* PWM Channel Period 01 Register; 0x000000B4 */
  222:  volatile PWMPER23STR _PWMPER23;                            /* PWM Channel Period 23 Register; 0x000000B6 */
  223:  volatile PWMPER45STR _PWMPER45;                            /* PWM Channel Period 45 Register; 0x000000B8 */
  224:  volatile PWMPER67STR _PWMPER67;                            /* PWM Channel Period 67 Register; 0x000000BA */
  225:  volatile PWMDTY01STR _PWMDTY01;                            /* PWM Channel Duty 01 Register; 0x000000BC */
  226:  volatile PWMDTY23STR _PWMDTY23;                            /* PWM Channel Duty 23 Register; 0x000000BE */
  227:  volatile PWMDTY45STR _PWMDTY45;                            /* PWM Channel Duty 45 Register; 0x000000C0 */
  228:  volatile PWMDTY67STR _PWMDTY67;                            /* PWM Channel Duty 67 Register; 0x000000C2 */
  229:  volatile SCI0BDSTR _SCI0BD;                                /* SCI 0 Baud Rate Register; 0x000000C8 */
  230:  volatile SCI1BDSTR _SCI1BD;                                /* SCI 1 Baud Rate Register; 0x000000D0 */
  231:  volatile ATD1CTL23STR _ATD1CTL23;                          /* ATD 1 Control Register 23; 0x00000122 */
  232:  volatile ATD1CTL45STR _ATD1CTL45;                          /* ATD 1 Control Register 45; 0x00000124 */
  233:  volatile ATD1DR0STR _ATD1DR0;                              /* ATD 1 Conversion Result Register 0; 0x00000130 */
  234:  volatile ATD1DR1STR _ATD1DR1;                              /* ATD 1 Conversion Result Register 1; 0x00000132 */
  235:  volatile ATD1DR2STR _ATD1DR2;                              /* ATD 1 Conversion Result Register 2; 0x00000134 */
  236:  volatile ATD1DR3STR _ATD1DR3;                              /* ATD 1 Conversion Result Register 3; 0x00000136 */
  237:  volatile ATD1DR4STR _ATD1DR4;                              /* ATD 1 Conversion Result Register 4; 0x00000138 */
  238:  volatile ATD1DR5STR _ATD1DR5;                              /* ATD 1 Conversion Result Register 5; 0x0000013A */
  239:  volatile ATD1DR6STR _ATD1DR6;                              /* ATD 1 Conversion Result Register 6; 0x0000013C */
  240:  volatile ATD1DR7STR _ATD1DR7;                              /* ATD 1 Conversion Result Register 7; 0x0000013E */
  241:  /* BAKEY0 - macro for reading non volatile register        Backdoor Access Key 0; 0x0000FF00 */
  242:  /* BAKEY1 - macro for reading non volatile register        Backdoor Access Key 1; 0x0000FF02 */
  243:  /* BAKEY2 - macro for reading non volatile register        Backdoor Access Key 2; 0x0000FF04 */
  244:  /* BAKEY3 - macro for reading non volatile register        Backdoor Access Key 3; 0x0000FF06 */
  245:  
  246:  /*lint -restore */
  247:  
  248:  /* EOF */
  249:  
