*** EVALUATION ***
ANSI-C/cC++ Compiler for HC12 V-5.0.41 Build 10203, Jul 23 2010

    1:  // ----------------------------------------
    2:  // Filename: SCI.c
    3:  // Description: I/O routines for MC9S12 serial
    4:  //   communication interface 
    5:  // Author: Danny Sok
    6:  //         Edward Khou
    7:  // Date Created: 4-08-2011
    8:  // Date Last Modified: 10-08-2011
    9:  
   10:  #include "SCI.h"
   11:  
   12:  
   13:  static TFIFO RxFIFO;
   14:  static TFIFO TxFIFO;
   15:  
   16:  static const UINT8 SCI_Timeout = 255;
   17:  static UINT8 i;
   18:  
   19:  // ----------------------------------------
   20:  // SCI_Setup
   21:  // 
   22:  // Sets up the Serial Communication Interface
   23:  // Input:
   24:  //   baudRate is the baud rate in bits/sec
   25:  //   busClk is the bus clock rate in Hz
   26:  // Output:
   27:  //   none
   28:  // Conditions:
   29:  //   none
   30:  void SCI_Setup(const UINT32 baudRate, const UINT32 busClk)
   31:  {
*** EVALUATION ***

Function: SCI_Setup
Source  : F:\Dropbox\S11\Embedded Software\Assignments\demdanruto\Project\Sources\SCI.c
Options : -CPUHCS12 -D__NO_FLOAT__ -Env"GENPATH=F:\Dropbox\S11\Embedded Software\Assignments\demdanruto\Project;F:\Dropbox\S11\Embedded Software\Assignments\demdanruto\Project\bin;F:\Dropbox\S11\Embedded Software\Assignments\demdanruto\Project\prm;F:\Dropbox\S11\Embedded Software\Assignments\demdanruto\Project\cmd;F:\Dropbox\S11\Embedded Software\Assignments\demdanruto\Project\Sources;C:\Program Files (x86)\Freescale\CWS12v5.1\lib\HC12c\lib;C:\Program Files (x86)\Freescale\CWS12v5.1\lib\HC12c\src;F:\Dropbox\S11\Embedded Software\Assignments\demdanruto\Project\lib;C:\Program Files (x86)\Freescale\CWS12v5.1\lib\HC12c\include" -Env"LIBPATH=C:\Program Files (x86)\Freescale\CWS12v5.1\lib\HC12c\include" -Env"OBJPATH=F:\Dropbox\S11\Embedded Software\Assignments\demdanruto\Project\bin" -Env"TEXTPATH=F:\Dropbox\S11\Embedded Software\Assignments\demdanruto\Project\bin" -Lasm=%n.lst -Ms -ObjN="F:\Dropbox\S11\Embedded Software\Assignments\demdanruto\Project\Project_Data\Full_Chip_Simulation\ObjectCode\SCI.c.o" -WmsgSd1106 -WmsgSd5703

  0000 3b           [2]     PSHD  
  0001 34           [2]     PSHX  
   32:    // baud: SCI Module Clock / (16xBR[12:0])
   33:    SCI0BD = (UINT8) ((busClk / baudRate) / 16);
  0002 ec88         [3]     LDD   8,SP
  0004 3b           [2]     PSHD  
  0005 ec88         [3]     LDD   8,SP
  0007 3b           [2]     PSHD  
  0008 ec86         [3]     LDD   6,SP
  000a 160000       [4]     JSR   _LDIVU
  000d b746         [1]     TFR   D,Y
  000f c604         [1]     LDAB  #4
  0011 160000       [4]     JSR   _LSHRU
  0014 87           [1]     CLRA  
  0015 5c00         [2]     STD   _SCI0BD
   34:    
   35:    // Friendly code below
   36:    // SCI0 Control Register 1
   37:    SCI0CR1_PT      = 0;  // Parity Type                                : 0 = Even Parity
  0017 4d0001       [4]     BCLR  _SCI0CR1,#1
   38:    SCI0CR1_PE      = 0;  // Parity Enable                              : 0 = Disabled
  001a 4d0002       [4]     BCLR  _SCI0CR1,#2
   39:    SCI0CR1_ILT     = 0;  // Idle Line Type                             : 0 = Idle after start bit
  001d 4d0004       [4]     BCLR  _SCI0CR1,#4
   40:    SCI0CR1_WAKE    = 0;  // Wakeup Condition                           : 0 = Idle line wakeup
  0020 4d0008       [4]     BCLR  _SCI0CR1,#8
   41:    SCI0CR1_M       = 0;  // Data Format Mode                           : 0 = 8 data + 1 stop
  0023 4d0010       [4]     BCLR  _SCI0CR1,#16
   42:    SCI0CR1_RSRC    = 0;  // Receiver Source                            : when LOOPS = 1
  0026 4d0020       [4]     BCLR  _SCI0CR1,#32
   43:    SCI0CR1_SCISWAI = 0;  // Stop in Wait Mode                          : 0 = Enabled
  0029 4d0040       [4]     BCLR  _SCI0CR1,#64
   44:    SCI0CR1_LOOPS   = 0;  // Loop Select Bit                            : 0 = OFF
  002c 4d0080       [4]     BCLR  _SCI0CR1,#128
   45:    
   46:    // SCI0 Control Register 2
   47:    SCI0CR2_SBK     = 0;  // Send Break Bit                             : 0 = No Break Char
  002f 4d0001       [4]     BCLR  _SCI0CR2,#1
   48:    SCI0CR2_RWU     = 0;  // Receiver Wakeup                            : 0 = Normal Operation
  0032 4d0002       [4]     BCLR  _SCI0CR2,#2
   49:    SCI0CR2_RE      = 1;  // Reciever Enable                            : 1 = ENABLED
  0035 4c0004       [4]     BSET  _SCI0CR2,#4
   50:    SCI0CR2_TE      = 1;  // Transmitter Enable                         : 1 = ENABLED
  0038 4c0008       [4]     BSET  _SCI0CR2,#8
   51:    SCI0CR2_ILIE    = 0;  // Idle Line Interrupt Enable                 : 0 = DISABLED
  003b 4d0010       [4]     BCLR  _SCI0CR2,#16
   52:    SCI0CR2_RIE     = 1;  // Receiver Full Interrupt Enable             : 1 = Enabled | 0 = DISABLED
  003e 4c0020       [4]     BSET  _SCI0CR2,#32
   53:    SCI0CR2_TCIE    = 0;  // Transmission Complete Interrupt Enable     : 0 = DISABLED
  0041 4d0040       [4]     BCLR  _SCI0CR2,#64
   54:    SCI0CR2_SCTIE   = 0;  // Transmitter Interrupt Enable               : 0 = DISABLED (Will be handled by Timer CH7)
  0044 4d0080       [4]     BCLR  _SCI0CR2,#128
   55:    
   56:    
   57:    PTM_PTM7        = 0;  // PORT M Init
  0047 1d000080     [4]     BCLR  _PTM,#128
   58:    
   59:    // Data Direction Port M (USB)
   60:    DDRM_DDRM7      = 1;  // Data Direction Bit 7                       : 1 = Output            
  004b 1c000080     [4]     BSET  _DDRM,#128
   61:    
   62:    // Initialise the FIFO's
   63:    FIFO_Init(&RxFIFO);
  004f cc0000       [2]     LDD   #RxFIFO
  0052 160000       [4]     JSR   FIFO_Init
   64:    FIFO_Init(&TxFIFO);
  0055 cc0000       [2]     LDD   #TxFIFO
  0058 160000       [4]     JSR   FIFO_Init
   65:    
   66:    i = 0;
  005b 790000       [3]     CLR   i
   67:  }
  005e 1b84         [2]     LEAS  4,SP
  0060 3d           [5]     RTS   
   68:  
   69:  // ----------------------------------------
   70:  // SCI_InChar
   71:  // 
   72:  // Get a character from the receive FIFO if it is not empty
   73:  // Input:
   74:  //   dataPtr is a pointer to memory to store the retrieved byte
   75:  // Output:
   76:  //   TRUE if the receive FIFO returned a character
   77:  // Conditions:
   78:  //   Assumes the receive FIFO has been initialized
   79:  BOOL SCI_InChar(UINT8 * const dataPtr)
   80:  { 
*** EVALUATION ***

Function: SCI_InChar
Source  : F:\Dropbox\S11\Embedded Software\Assignments\demdanruto\Project\Sources\SCI.c
Options : -CPUHCS12 -D__NO_FLOAT__ -Env"GENPATH=F:\Dropbox\S11\Embedded Software\Assignments\demdanruto\Project;F:\Dropbox\S11\Embedded Software\Assignments\demdanruto\Project\bin;F:\Dropbox\S11\Embedded Software\Assignments\demdanruto\Project\prm;F:\Dropbox\S11\Embedded Software\Assignments\demdanruto\Project\cmd;F:\Dropbox\S11\Embedded Software\Assignments\demdanruto\Project\Sources;C:\Program Files (x86)\Freescale\CWS12v5.1\lib\HC12c\lib;C:\Program Files (x86)\Freescale\CWS12v5.1\lib\HC12c\src;F:\Dropbox\S11\Embedded Software\Assignments\demdanruto\Project\lib;C:\Program Files (x86)\Freescale\CWS12v5.1\lib\HC12c\include" -Env"LIBPATH=C:\Program Files (x86)\Freescale\CWS12v5.1\lib\HC12c\include" -Env"OBJPATH=F:\Dropbox\S11\Embedded Software\Assignments\demdanruto\Project\bin" -Env"TEXTPATH=F:\Dropbox\S11\Embedded Software\Assignments\demdanruto\Project\bin" -Lasm=%n.lst -Ms -ObjN="F:\Dropbox\S11\Embedded Software\Assignments\demdanruto\Project\Project_Data\Full_Chip_Simulation\ObjectCode\SCI.c.o" -WmsgSd1106 -WmsgSd5703

  0000 3b           [2]     PSHD  
   81:    return FIFO_Get(&RxFIFO, dataPtr);
  0001 cc0000       [2]     LDD   #RxFIFO
  0004 3b           [2]     PSHD  
  0005 ec82         [3]     LDD   2,SP
  0007 160000       [4]     JSR   FIFO_Get
  000a 1b82         [2]     LEAS  2,SP
   82:  }
  000c 30           [3]     PULX  
  000d 3d           [5]     RTS   
   83:  
   84:  // ----------------------------------------
   85:  // SCI_OutChar
   86:  //
   87:  // Put a byte in the transmit FIFO if it is not full
   88:  // Input:
   89:  //   data is a byte to be placed in FIFO
   90:  // Output:
   91:  //   TRUE if the data was placed in the FIFO
   92:  // Conditions:
   93:  //   Assumes receive FIFO has been initialized
   94:  BOOL SCI_OutChar(const UINT8 data)
   95:  {
*** EVALUATION ***

Function: SCI_OutChar
Source  : F:\Dropbox\S11\Embedded Software\Assignments\demdanruto\Project\Sources\SCI.c
Options : -CPUHCS12 -D__NO_FLOAT__ -Env"GENPATH=F:\Dropbox\S11\Embedded Software\Assignments\demdanruto\Project;F:\Dropbox\S11\Embedded Software\Assignments\demdanruto\Project\bin;F:\Dropbox\S11\Embedded Software\Assignments\demdanruto\Project\prm;F:\Dropbox\S11\Embedded Software\Assignments\demdanruto\Project\cmd;F:\Dropbox\S11\Embedded Software\Assignments\demdanruto\Project\Sources;C:\Program Files (x86)\Freescale\CWS12v5.1\lib\HC12c\lib;C:\Program Files (x86)\Freescale\CWS12v5.1\lib\HC12c\src;F:\Dropbox\S11\Embedded Software\Assignments\demdanruto\Project\lib;C:\Program Files (x86)\Freescale\CWS12v5.1\lib\HC12c\include" -Env"LIBPATH=C:\Program Files (x86)\Freescale\CWS12v5.1\lib\HC12c\include" -Env"OBJPATH=F:\Dropbox\S11\Embedded Software\Assignments\demdanruto\Project\bin" -Env"TEXTPATH=F:\Dropbox\S11\Embedded Software\Assignments\demdanruto\Project\bin" -Lasm=%n.lst -Ms -ObjN="F:\Dropbox\S11\Embedded Software\Assignments\demdanruto\Project\Project_Data\Full_Chip_Simulation\ObjectCode\SCI.c.o" -WmsgSd1106 -WmsgSd5703

  0000 37           [2]     PSHB  
   96:    if(FIFO_Put(&TxFIFO, data))
  0001 cc0000       [2]     LDD   #TxFIFO
  0004 3b           [2]     PSHD  
  0005 e682         [3]     LDAB  2,SP
  0007 160000       [4]     JSR   FIFO_Put
  000a 1b82         [2]     LEAS  2,SP
  000c 044403       [3]     TBEQ  D,*+6 ;abs = 0012
   97:      return SendData();
  000f 160000       [4]     JSR   SendData
   98:    
   99:    return bFALSE;
  100:  }
  0012 1b81         [2]     LEAS  1,SP
  0014 3d           [5]     RTS   
  101:  
  102:  // ----------------------------------------
  103:  // SendData
  104:  //
  105:  // Place a byte into the SCI0DRL register
  106:  // Input:
  107:  //   None.
  108:  // Output:
  109:  //   TRUE if the data was placed in the register
  110:  //   FALSE if there is no data to place or unable to place
  111:  // Conditions:
  112:  //   Assumes receive FIFO has been initialized
  113:  BOOL SendData(void)
  114:  {
*** EVALUATION ***

Function: SendData
Source  : F:\Dropbox\S11\Embedded Software\Assignments\demdanruto\Project\Sources\SCI.c
Options : -CPUHCS12 -D__NO_FLOAT__ -Env"GENPATH=F:\Dropbox\S11\Embedded Software\Assignments\demdanruto\Project;F:\Dropbox\S11\Embedded Software\Assignments\demdanruto\Project\bin;F:\Dropbox\S11\Embedded Software\Assignments\demdanruto\Project\prm;F:\Dropbox\S11\Embedded Software\Assignments\demdanruto\Project\cmd;F:\Dropbox\S11\Embedded Software\Assignments\demdanruto\Project\Sources;C:\Program Files (x86)\Freescale\CWS12v5.1\lib\HC12c\lib;C:\Program Files (x86)\Freescale\CWS12v5.1\lib\HC12c\src;F:\Dropbox\S11\Embedded Software\Assignments\demdanruto\Project\lib;C:\Program Files (x86)\Freescale\CWS12v5.1\lib\HC12c\include" -Env"LIBPATH=C:\Program Files (x86)\Freescale\CWS12v5.1\lib\HC12c\include" -Env"OBJPATH=F:\Dropbox\S11\Embedded Software\Assignments\demdanruto\Project\bin" -Env"TEXTPATH=F:\Dropbox\S11\Embedded Software\Assignments\demdanruto\Project\bin" -Lasm=%n.lst -Ms -ObjN="F:\Dropbox\S11\Embedded Software\Assignments\demdanruto\Project\Project_Data\Full_Chip_Simulation\ObjectCode\SCI.c.o" -WmsgSd1106 -WmsgSd5703

  115:    if ( SCI0SR1_TDRE && !FIFO_Get(&TxFIFO, &SCI0DRL) )
  0000 4f00801c     [4]     BRCLR _SCI0SR1,#128,*+32 ;abs = 0020
  0004 cc0000       [2]     LDD   #TxFIFO
  0007 3b           [2]     PSHD  
  0008 cc0000       [2]     LDD   #_SCI0DRL
  000b 160000       [4]     JSR   FIFO_Get
  000e 1b82         [2]     LEAS  2,SP
  0010 04640d       [3]     TBNE  D,*+16 ;abs = 0020
  116:    {
  117:      Timer_Enable(TIMER_Ch7, bFALSE); // Stop interrupts from occuring
  0013 c607         [1]     LDAB  #7
  0015 87           [1]     CLRA  
  0016 3b           [2]     PSHD  
  0017 c7           [1]     CLRB  
  0018 160000       [4]     JSR   Timer_Enable
  001b 1b82         [2]     LEAS  2,SP
  118:      return bFALSE;
  001d c7           [1]     CLRB  
  001e 200e         [3]     BRA   *+16 ;abs = 002e
  119:    }
  120:    Timer_Set(TIMER_Ch7, Timer_Ch7_Delay);
  0020 c607         [1]     LDAB  #7
  0022 87           [1]     CLRA  
  0023 3b           [2]     PSHD  
  0024 fc0000       [3]     LDD   Timer_Ch7_Delay
  0027 160000       [4]     JSR   Timer_Set
  002a 1b82         [2]     LEAS  2,SP
  121:    return bTRUE;
  002c c601         [1]     LDAB  #1
  002e 87           [1]     CLRA  
  122:  }
  002f 3d           [5]     RTS   
  123:  
  124:  // ----------------------------------------
  125:  // SCI0_ISR
  126:  //
  127:  // The interrupt called when the RDRF flag is set
  128:  // Input:
  129:  //   none
  130:  // Output:
  131:  //   none
  132:  // Conditions:
  133:  //   Assumes transmit FIFO have been initialized
  134:  void interrupt 20 SCI0_ISR(void)
  135:  {
*** EVALUATION ***

Function: SCI0_ISR
Source  : F:\Dropbox\S11\Embedded Software\Assignments\demdanruto\Project\Sources\SCI.c
Options : -CPUHCS12 -D__NO_FLOAT__ -Env"GENPATH=F:\Dropbox\S11\Embedded Software\Assignments\demdanruto\Project;F:\Dropbox\S11\Embedded Software\Assignments\demdanruto\Project\bin;F:\Dropbox\S11\Embedded Software\Assignments\demdanruto\Project\prm;F:\Dropbox\S11\Embedded Software\Assignments\demdanruto\Project\cmd;F:\Dropbox\S11\Embedded Software\Assignments\demdanruto\Project\Sources;C:\Program Files (x86)\Freescale\CWS12v5.1\lib\HC12c\lib;C:\Program Files (x86)\Freescale\CWS12v5.1\lib\HC12c\src;F:\Dropbox\S11\Embedded Software\Assignments\demdanruto\Project\lib;C:\Program Files (x86)\Freescale\CWS12v5.1\lib\HC12c\include" -Env"LIBPATH=C:\Program Files (x86)\Freescale\CWS12v5.1\lib\HC12c\include" -Env"OBJPATH=F:\Dropbox\S11\Embedded Software\Assignments\demdanruto\Project\bin" -Env"TEXTPATH=F:\Dropbox\S11\Embedded Software\Assignments\demdanruto\Project\bin" -Lasm=%n.lst -Ms -ObjN="F:\Dropbox\S11\Embedded Software\Assignments\demdanruto\Project\Project_Data\Full_Chip_Simulation\ObjectCode\SCI.c.o" -WmsgSd1106 -WmsgSd5703

  136:    if (SCI0SR1_RDRF)
  0000 4f00200b     [4]     BRCLR _SCI0SR1,#32,*+15 ;abs = 000f
  137:      // Saves recieved data to data, clears RDRF
  138:      (void)FIFO_Put(&RxFIFO, SCI0DRL);
  0004 cc0000       [2]     LDD   #RxFIFO
  0007 3b           [2]     PSHD  
  0008 d600         [3]     LDAB  _SCI0DRL
  000a 160000       [4]     JSR   FIFO_Put
  000d 1b82         [2]     LEAS  2,SP
  139:  }
  000f 0b           [8]     RTI   
  140:  
  141:  // ----------------------------------------
  142:  // TIE7_ISR
  143:  //
  144:  // The interrupt called when the Channel 7 timer
  145:  // has triggered. It will kick start the packet sending
  146:  // Input:
  147:  //   none
  148:  // Output:
  149:  //   none
  150:  // Conditions:
  151:  //   Assumes receive FIFO have been initialized
  152:  void interrupt 15 TIE7_ISR(void)
  153:  {
*** EVALUATION ***

Function: TIE7_ISR
Source  : F:\Dropbox\S11\Embedded Software\Assignments\demdanruto\Project\Sources\SCI.c
Options : -CPUHCS12 -D__NO_FLOAT__ -Env"GENPATH=F:\Dropbox\S11\Embedded Software\Assignments\demdanruto\Project;F:\Dropbox\S11\Embedded Software\Assignments\demdanruto\Project\bin;F:\Dropbox\S11\Embedded Software\Assignments\demdanruto\Project\prm;F:\Dropbox\S11\Embedded Software\Assignments\demdanruto\Project\cmd;F:\Dropbox\S11\Embedded Software\Assignments\demdanruto\Project\Sources;C:\Program Files (x86)\Freescale\CWS12v5.1\lib\HC12c\lib;C:\Program Files (x86)\Freescale\CWS12v5.1\lib\HC12c\src;F:\Dropbox\S11\Embedded Software\Assignments\demdanruto\Project\lib;C:\Program Files (x86)\Freescale\CWS12v5.1\lib\HC12c\include" -Env"LIBPATH=C:\Program Files (x86)\Freescale\CWS12v5.1\lib\HC12c\include" -Env"OBJPATH=F:\Dropbox\S11\Embedded Software\Assignments\demdanruto\Project\bin" -Env"TEXTPATH=F:\Dropbox\S11\Embedded Software\Assignments\demdanruto\Project\bin" -Lasm=%n.lst -Ms -ObjN="F:\Dropbox\S11\Embedded Software\Assignments\demdanruto\Project\Project_Data\Full_Chip_Simulation\ObjectCode\SCI.c.o" -WmsgSd1106 -WmsgSd5703

  154:    TFLG1_C7F = 1; // Clear flag to say it was done.
  0000 4c0080       [4]     BSET  _TFLG1,#128
  155:    
  156:    if (Debug)
  0003 fc0420       [3]     LDD   1056
  0006 2708         [3/1]   BEQ   *+10 ;abs = 0010
  157:      PTT_PTT6 ^= 1;
  0008 f60000       [3]     LDAB  _PTT
  000b c840         [1]     EORB  #64
  000d 7b0000       [3]     STAB  _PTT
  158:    
  159:    // Kick start the process
  160:    (void)SendData();
  0010 0700         [4]     BSR   SendData
  161:  }
  0012 0b           [8]     RTI   
  162:  
  163:  // ----------------------------------------
  164:  // SCI_Poll
  165:  //
  166:  // Poll the SCI status to see whether to receive
  167:  //   or transmit a single byte
  168:  // Input:
  169:  //   none
  170:  // Output:
  171:  //   none
  172:  // Conditions:
  173:  //   Assumes transmit and receive FIFOs have been initialized
  174:  void SCI_Poll(void) 
  175:  {  
*** EVALUATION ***

Function: SCI_Poll
Source  : F:\Dropbox\S11\Embedded Software\Assignments\demdanruto\Project\Sources\SCI.c
Options : -CPUHCS12 -D__NO_FLOAT__ -Env"GENPATH=F:\Dropbox\S11\Embedded Software\Assignments\demdanruto\Project;F:\Dropbox\S11\Embedded Software\Assignments\demdanruto\Project\bin;F:\Dropbox\S11\Embedded Software\Assignments\demdanruto\Project\prm;F:\Dropbox\S11\Embedded Software\Assignments\demdanruto\Project\cmd;F:\Dropbox\S11\Embedded Software\Assignments\demdanruto\Project\Sources;C:\Program Files (x86)\Freescale\CWS12v5.1\lib\HC12c\lib;C:\Program Files (x86)\Freescale\CWS12v5.1\lib\HC12c\src;F:\Dropbox\S11\Embedded Software\Assignments\demdanruto\Project\lib;C:\Program Files (x86)\Freescale\CWS12v5.1\lib\HC12c\include" -Env"LIBPATH=C:\Program Files (x86)\Freescale\CWS12v5.1\lib\HC12c\include" -Env"OBJPATH=F:\Dropbox\S11\Embedded Software\Assignments\demdanruto\Project\bin" -Env"TEXTPATH=F:\Dropbox\S11\Embedded Software\Assignments\demdanruto\Project\bin" -Lasm=%n.lst -Ms -ObjN="F:\Dropbox\S11\Embedded Software\Assignments\demdanruto\Project\Project_Data\Full_Chip_Simulation\ObjectCode\SCI.c.o" -WmsgSd1106 -WmsgSd5703

  176:    // Recieving data
  177:    if (SCI0SR1_RDRF)
  0000 4f00200b     [4]     BRCLR _SCI0SR1,#32,*+15 ;abs = 000f
  178:      // Saves recieved data to data, clears RDRF
  179:      (void)FIFO_Put(&RxFIFO, SCI0DRL);
  0004 cc0000       [2]     LDD   #RxFIFO
  0007 3b           [2]     PSHD  
  0008 d600         [3]     LDAB  _SCI0DRL
  000a 160000       [4]     JSR   FIFO_Put
  000d 1b82         [2]     LEAS  2,SP
  180:    
  181:    // Transfer data
  182:    if (SCI0SR1_TDRE && TxFIFO.NbBytes > 0)
  000f 4f008011     [4]     BRCLR _SCI0SR1,#128,*+21 ;abs = 0024
  0013 fc0000       [3]     LDD   TxFIFO:4
  0016 270c         [3/1]   BEQ   *+14 ;abs = 0024
  183:      (void)FIFO_Get(&TxFIFO, &SCI0DRL);
  0018 cc0000       [2]     LDD   #TxFIFO
  001b 3b           [2]     PSHD  
  001c cc0000       [2]     LDD   #_SCI0DRL
  001f 160000       [4]     JSR   FIFO_Get
  0022 1b82         [2]     LEAS  2,SP
  184:  }
  0024 3d           [5]     RTS   
  185:  
  186:  // ----------------------------------------
  187:  // SCI_WaitForChar
  188:  // 
  189:  // Waits for a character to be received from the SCI until a timeout occurs
  190:  // Input:
  191:  //   dataPtr is a pointer to memory to store the retrieved byte
  192:  // Output:
  193:  //   TRUE if the receive FIFO returned a character within the timeout time
  194:  // Conditions:
  195:  //   Assumes the receive FIFO has been initialized
  196:  BOOL SCI_WaitForChar(UINT8 * const dataPtr)
  197:  {
*** EVALUATION ***

Function: SCI_WaitForChar
Source  : F:\Dropbox\S11\Embedded Software\Assignments\demdanruto\Project\Sources\SCI.c
Options : -CPUHCS12 -D__NO_FLOAT__ -Env"GENPATH=F:\Dropbox\S11\Embedded Software\Assignments\demdanruto\Project;F:\Dropbox\S11\Embedded Software\Assignments\demdanruto\Project\bin;F:\Dropbox\S11\Embedded Software\Assignments\demdanruto\Project\prm;F:\Dropbox\S11\Embedded Software\Assignments\demdanruto\Project\cmd;F:\Dropbox\S11\Embedded Software\Assignments\demdanruto\Project\Sources;C:\Program Files (x86)\Freescale\CWS12v5.1\lib\HC12c\lib;C:\Program Files (x86)\Freescale\CWS12v5.1\lib\HC12c\src;F:\Dropbox\S11\Embedded Software\Assignments\demdanruto\Project\lib;C:\Program Files (x86)\Freescale\CWS12v5.1\lib\HC12c\include" -Env"LIBPATH=C:\Program Files (x86)\Freescale\CWS12v5.1\lib\HC12c\include" -Env"OBJPATH=F:\Dropbox\S11\Embedded Software\Assignments\demdanruto\Project\bin" -Env"TEXTPATH=F:\Dropbox\S11\Embedded Software\Assignments\demdanruto\Project\bin" -Lasm=%n.lst -Ms -ObjN="F:\Dropbox\S11\Embedded Software\Assignments\demdanruto\Project\Project_Data\Full_Chip_Simulation\ObjectCode\SCI.c.o" -WmsgSd1106 -WmsgSd5703

  0000 3b           [2]     PSHD  
  198:    
  199:    while (i < SCI_Timeout)
  0001 200f         [3]     BRA   *+17 ;abs = 0012
  200:    {
  201:      i++;
  0003 720000       [4]     INC   i
  202:      if(SCI_InChar(dataPtr))
  0006 ec80         [3]     LDD   0,SP
  0008 160000       [4]     JSR   SCI_InChar
  000b 044404       [3]     TBEQ  D,*+7 ;abs = 0012
  203:        return bTRUE;
  000e c601         [1]     LDAB  #1
  0010 200b         [3]     BRA   *+13 ;abs = 001d
  0012 f60000       [3]     LDAB  i
  0015 c1ff         [1]     CMPB  #255
  0017 25ea         [3/1]   BCS   *-20 ;abs = 0003
  204:    }
  205:    i = 0;
  0019 790000       [3]     CLR   i
  206:    return bFALSE;
  001c c7           [1]     CLRB  
  001d 87           [1]     CLRA  
  207:    
  208:    
  209:  }
  001e 30           [3]     PULX  
  001f 3d           [5]     RTS   
